2020.07.19 09:25:32 INFO  started: Metals version 0.9.2 in workspace 'G:\2_YEAR_1_SEM\SCS2204 Functional Programming\Assingnments\Assignment - The Caesar cipher' for client vscode.
2020.07.19 09:25:33 INFO  time: initialize in 0.53s
2020.07.19 09:25:34 WARN  no build tool detected in workspace 'G:\2_YEAR_1_SEM\SCS2204 Functional Programming\Assingnments\Assignment - The Caesar cipher'. The most common cause for this problem is that the editor was opened in the wrong working directory, for example if you use sbt then the workspace directory should contain build.sbt. 
2020.07.19 09:25:34 INFO  no build target: using presentation compiler with only scala-library
2020.07.19 09:25:37 WARN  no build target for: G:\2_YEAR_1_SEM\SCS2204 Functional Programming\Assingnments\Assignment - The Caesar cipher\Caesar.scala
2020.07.19 09:26:03 WARN  no build target for: G:\2_YEAR_1_SEM\SCS2204 Functional Programming\Assingnments\Assignment - The Caesar cipher\Caesar.scala
2020.07.19 09:26:08 WARN  no build target for: G:\2_YEAR_1_SEM\SCS2204 Functional Programming\Assingnments\Assignment - The Caesar cipher\Caesar.scala
2020.07.19 09:26:45 WARN  no build target for: G:\2_YEAR_1_SEM\SCS2204 Functional Programming\Assingnments\Assignment - The Caesar cipher\Caesar.scala
Jul 19, 2020 9:29:28 AM org.eclipse.lsp4j.jsonrpc.services.GenericEndpoint notify
INFO: Unsupported notification method: $/setTraceNotification
Jul 19, 2020 9:29:28 AM org.eclipse.lsp4j.jsonrpc.services.GenericEndpoint notify
INFO: Unsupported notification method: $/setTraceNotification
Jul 19, 2020 9:29:28 AM org.eclipse.lsp4j.jsonrpc.services.GenericEndpoint notify
INFO: Unsupported notification method: $/setTraceNotification
Jul 19, 2020 9:29:28 AM org.eclipse.lsp4j.jsonrpc.services.GenericEndpoint notify
INFO: Unsupported notification method: $/setTraceNotification
Jul 19, 2020 9:29:28 AM org.eclipse.lsp4j.jsonrpc.services.GenericEndpoint notify
INFO: Unsupported notification method: $/setTraceNotification
Jul 19, 2020 9:29:28 AM org.eclipse.lsp4j.jsonrpc.services.GenericEndpoint notify
INFO: Unsupported notification method: $/setTraceNotification
Jul 19, 2020 9:29:28 AM org.eclipse.lsp4j.jsonrpc.services.GenericEndpoint notify
INFO: Unsupported notification method: $/setTraceNotification
Jul 19, 2020 9:29:28 AM org.eclipse.lsp4j.jsonrpc.services.GenericEndpoint notify
INFO: Unsupported notification method: $/setTraceNotification
Jul 19, 2020 9:29:28 AM org.eclipse.lsp4j.jsonrpc.services.GenericEndpoint notify
INFO: Unsupported notification method: $/setTraceNotification
Jul 19, 2020 9:30:04 AM org.eclipse.lsp4j.jsonrpc.services.GenericEndpoint notify
INFO: Unsupported notification method: $/setTraceNotification
Jul 19, 2020 9:34:05 AM org.eclipse.lsp4j.jsonrpc.services.GenericEndpoint notify
INFO: Unsupported notification method: $/setTraceNotification
Jul 19, 2020 9:34:25 AM org.eclipse.lsp4j.jsonrpc.services.GenericEndpoint notify
INFO: Unsupported notification method: $/setTraceNotification
